<?xml version="1.0" encoding="UTF-8"?>
<!-- Generated by org.testng.reporters.JUnitXMLReporter -->
<testsuite ignored="2" hostname="LAPTOP-0QND3QEA" failures="0" tests="1" name="Default test" time="33.204" errors="0" timestamp="2025-01-21T21:14:20 IST">
  <testcase classname="testfile.AdminUserTest" name="newAdminUserCreation" time="9.439"/>
  <testcase classname="testfile.Base" name="beforeMethod" time="0.0">
    <ignored/>
  </testcase> <!-- beforeMethod -->
  <testcase classname="testfile.AdminUserTest" name="searchUser" time="0.0">
    <ignored/>
  </testcase> <!-- searchUser -->
</testsuite> <!-- Default test -->
